<?xml version="1.0" encoding="UTF-8"?>
<!-- Generated by org.testng.reporters.JUnitReportReporter -->
<testsuite hostname="LAPTOP-54CIPACA" failures="0" tests="1" name="testcases.LoginTest" time="29.954" errors="0" timestamp="23 Apr 2023 06:05:18 GMT" skipped="0">
  <testcase classname="testcases.LoginTest" name="test1" time="29.954"/>
</testsuite> <!-- testcases.LoginTest -->
