<?xml version="1.0" encoding="UTF-8"?>
<!-- Generated by org.testng.reporters.JUnitReportReporter -->
<testsuite hostname="LAPTOP-54CIPACA" failures="0" tests="1" name="testcases.Homepage" time="3.910" errors="0" timestamp="22 Apr 2023 06:47:51 GMT" skipped="0">
  <testcase classname="testcases.Homepage" name="test3" time="3.910"/>
</testsuite> <!-- testcases.Homepage -->
