<?xml version="1.0" encoding="UTF-8"?>
<!-- Generated by org.testng.reporters.JUnitReportReporter -->
<testsuite hostname="LAPTOP-54CIPACA" failures="0" tests="1" name="testcases.LoginTest" time="28.878" errors="0" timestamp="14 May 2023 04:13:58 GMT" skipped="0">
  <testcase classname="testcases.LoginTest" name="test1" time="28.878"/>
</testsuite> <!-- testcases.LoginTest -->
